<?xml version="1.0" encoding="UTF-8"?>
<!-- Generated by org.testng.reporters.JUnitReportReporter -->
<testsuite hostname="DESKTOP-HVSKTJH" failures="0" tests="3" name="runner.Runner" time="8.291" errors="0" timestamp="2023-10-25T14:36:20 WAT" skipped="0">
  <testcase classname="runner.Runner" name="runScenario" time="8.251"/>
  <testcase classname="runner.Runner" name="runScenario" time="0.018"/>
  <testcase classname="runner.Runner" name="runScenario" time="0.022"/>
</testsuite> <!-- runner.Runner -->
